[2026-03-10T00:40:48.329Z] 
→ Starting: Pre-Analysis
[2026-03-10T00:40:48.329Z] ════════════════════════════════════════════════════════════
[2026-03-10T00:40:48.329Z] 🔷  Step 0: Pre-Analysis - Analyzing Recent Changes
[2026-03-10T00:40:48.329Z] ════════════════════════════════════════════════════════════
[2026-03-10T00:40:48.349Z] Commits ahead of remote: 0
[2026-03-10T00:40:48.349Z] Modified files: 4
[2026-03-10T00:40:48.361Z] ✓ Project kind from config: location_based_service (configured)
[2026-03-10T00:40:48.378Z] ✓ Pre-analysis complete:
  • Commits ahead: 0
  • Modified files: 4
  • Change scope: mixed-changes
  • Documentation: 0 files
  • Tests: 0 files
  • Source: 0 files
  • Config: 0 files
  • Project kind: location_based_service (100% confidence)

[2026-03-10T00:40:48.384Z] ✓ Step step_00 completed in 56ms
[2026-03-10T00:40:48.385Z] [DEBUG] [Performance] step_00: 57ms
[2026-03-10T00:40:48.385Z] [DEBUG] Recorded outcome for step_00: success
[2026-03-10T00:40:48.385Z] ✓ Completed: Pre-Analysis (0s)
