[2026-03-10T00:40:48.386Z] 
→ Starting: Bootstrap Documentation
[2026-03-10T00:40:48.386Z] [DEBUG] Step0bBootstrapDocs.execute()
[2026-03-10T00:40:48.386Z] ════════════════════════════════════════════════════════════
[2026-03-10T00:40:48.386Z] 🔷  Step 0b: Documentation Gap Analysis and Generation
[2026-03-10T00:40:48.386Z] ════════════════════════════════════════════════════════════
[2026-03-10T00:40:48.386Z] Phase 1: Gathering project statistics...
[2026-03-10T00:40:48.387Z] [DEBUG] Gathering project statistics by scanning files...
[2026-03-10T00:40:48.387Z] [DEBUG] Listing all files in the project directory...
[2026-03-10T00:40:48.387Z] [DEBUG] Project root: /home/mpb/Documents/GitHub/paraty_geocore.js
[2026-03-10T00:40:48.395Z] [DEBUG] Total files found: 151
[2026-03-10T00:40:48.395Z] [DEBUG] Converting to relative paths...
[2026-03-10T00:40:48.396Z] Project has 24 documentation files and 87 source files
[2026-03-10T00:40:48.396Z] README.md size: 8882 bytes, Has CHANGELOG: true, Has docs/ directory: true
[2026-03-10T00:40:48.396Z] Phase 2: Evaluating documentation coverage...
[2026-03-10T00:40:48.396Z] Step 0b: Documentation coverage adequate - no bootstrap needed
[2026-03-10T00:40:48.396Z] ✓ Step step_0b completed in 10ms
[2026-03-10T00:40:48.396Z] [DEBUG] [Performance] step_0b: 10ms
[2026-03-10T00:40:48.397Z] [DEBUG] Recorded outcome for step_0b: success
[2026-03-10T00:40:48.397Z] ✓ Completed: Bootstrap Documentation (0s)
