[2026-03-10T00:41:25.162Z] 
→ Starting: Documentation Optimization
[2026-03-10T00:41:25.162Z] Documentation optimization initialized
[2026-03-10T00:41:25.162Z] ════════════════════════════════════════════════════════════
[2026-03-10T00:41:25.162Z] 🔷  Step 2.5: Documentation Optimization
[2026-03-10T00:41:25.162Z] ════════════════════════════════════════════════════════════
[2026-03-10T00:41:25.173Z] Phase 1: Heuristics Analysis (19 files)
[2026-03-10T00:41:25.174Z] Calculating content hashes...
[2026-03-10T00:41:25.175Z] Found 1 duplicate groups (1 redundant files)
[2026-03-10T00:41:25.175Z] Analyzing document similarity...
[2026-03-10T00:41:25.213Z] Found 2 redundant pairs above 80% similarity
[2026-03-10T00:41:25.213Z] Found 1 exact duplicates, 2 redundant pairs
[2026-03-10T00:41:25.213Z] Phase 2: Git History Analysis
[2026-03-10T00:41:25.213Z] Analyzing git history for 19 files...
[2026-03-10T00:41:25.352Z] Completed git analysis for 19 files
[2026-03-10T00:41:25.352Z] Found 0 outdated files
[2026-03-10T00:41:25.352Z] Phase 3: Version Reference Analysis
[2026-03-10T00:41:25.353Z] Detected version from package.json: 0.10.1
[2026-03-10T00:41:25.353Z] Analyzing version references in 19 files (current: 0.10.1)...
[2026-03-10T00:41:25.357Z] Completed version analysis for 19 files
[2026-03-10T00:41:25.357Z] Version analysis complete (0 total outdated)
[2026-03-10T00:41:25.358Z] Phase 4: AI Edge Case Analysis (skipped - no AI analyzer)
[2026-03-10T00:41:25.358Z] Phase 5: Optimization Summary
[2026-03-10T00:41:25.358Z] 
📊 Analysis Results:
───────────────────
  Total files analyzed: 19
  Exact duplicates: 1
  Redundant pairs: 2
  Outdated files: 0
  Files to optimize: 1

[2026-03-10T00:41:25.358Z] Phase 6: Applying Optimizations
[2026-03-10T00:41:25.358Z] Consolidating 1 duplicate groups...
[2026-03-10T00:41:25.358Z] Created archive: /home/mpb/Documents/GitHub/paraty_geocore.js/.ai_workflow/archive/docs/20260309_214125
[2026-03-10T00:41:25.359Z] Archived: /home/mpb/Documents/GitHub/paraty_geocore.js/docs/api/media/README.md
[2026-03-10T00:41:25.359Z] Consolidation complete: 1 removed, 1 kept
[2026-03-10T00:41:25.359Z] Archiving 0 outdated files...
[2026-03-10T00:41:25.359Z] Created archive: /home/mpb/Documents/GitHub/paraty_geocore.js/.ai_workflow/archive/docs/20260309_214125
[2026-03-10T00:41:25.359Z] Archived 0 outdated files
[2026-03-10T00:41:25.359Z] Phase 7: Generating Report
[2026-03-10T00:41:25.359Z] Generating optimization report...
[2026-03-10T00:41:25.360Z] Report saved: /home/mpb/Documents/GitHub/paraty_geocore.js/.ai_workflow/archive/docs/20260309_214125/optimization_report.md
[2026-03-10T00:41:25.360Z] 
📊 Optimization Complete!
═══════════════════════
  Files analyzed: 19
  Files optimized: 1
  Size saved: 0KB (0%)
  Token savings: ~0

[2026-03-10T00:41:25.360Z] 
Full report: /home/mpb/Documents/GitHub/paraty_geocore.js/.ai_workflow/archive/docs/20260309_214125/optimization_report.md
[2026-03-10T00:41:25.360Z] ✓ Workflow complete (0s)
[2026-03-10T00:41:25.360Z] ✓ Step step_02_5 completed in 198ms
[2026-03-10T00:41:25.360Z] [DEBUG] [Performance] step_02_5: 198ms
[2026-03-10T00:41:25.360Z] [DEBUG] Recorded outcome for step_02_5: success
[2026-03-10T00:41:25.360Z] ✓ Completed: Documentation Optimization (0s)
