[2026-03-02T16:54:20.694Z] 
→ Starting: Pre-Analysis
[2026-03-02T16:54:20.694Z] ════════════════════════════════════════════════════════════
[2026-03-02T16:54:20.694Z] 🔷  Step 0: Pre-Analysis - Analyzing Recent Changes
[2026-03-02T16:54:20.694Z] ════════════════════════════════════════════════════════════
[2026-03-02T16:54:20.712Z] Commits ahead of remote: 0
[2026-03-02T16:54:20.712Z] Modified files: 277
[2026-03-02T16:54:20.716Z] ✓ Project kind from config: location_based_service (configured)
[2026-03-02T16:54:20.727Z] ✓ Pre-analysis complete:
  • Commits ahead: 0
  • Modified files: 277
  • Change scope: full-stack
  • Documentation: 2 files
  • Tests: 5 files
  • Source: 4 files
  • Config: 6 files
  • Project kind: location_based_service (100% confidence)

[2026-03-02T16:54:20.733Z] ✓ Step step_00 completed in 40ms
[2026-03-02T16:54:20.733Z] [DEBUG] [Performance] step_00: 40ms
[2026-03-02T16:54:20.734Z] [DEBUG] Recorded outcome for step_00: success
[2026-03-02T16:54:20.734Z] ✓ Completed: Pre-Analysis (0s)
