[2026-03-02T16:54:20.734Z] 
→ Starting: Bootstrap Documentation
[2026-03-02T16:54:20.735Z] [DEBUG] Step0bBootstrapDocs.execute()
[2026-03-02T16:54:20.735Z] ════════════════════════════════════════════════════════════
[2026-03-02T16:54:20.735Z] 🔷  Step 0b: Documentation Gap Analysis and Generation
[2026-03-02T16:54:20.735Z] ════════════════════════════════════════════════════════════
[2026-03-02T16:54:20.735Z] Phase 1: Gathering project statistics...
[2026-03-02T16:54:20.735Z] [DEBUG] Gathering project statistics by scanning files...
[2026-03-02T16:54:20.735Z] [DEBUG] Listing all files in the project directory...
[2026-03-02T16:54:20.735Z] [DEBUG] Project root: /home/mpb/Documents/GitHub/paraty_geocore.js
[2026-03-02T16:54:20.737Z] [DEBUG] Total files found: 141
[2026-03-02T16:54:20.737Z] [DEBUG] Converting to relative paths...
[2026-03-02T16:54:20.739Z] Project has 19 documentation files and 86 source files
[2026-03-02T16:54:20.739Z] README.md size: 5433 bytes, Has CHANGELOG: true, Has docs/ directory: true
[2026-03-02T16:54:20.739Z] Phase 2: Evaluating documentation coverage...
[2026-03-02T16:54:20.739Z] Step 0b: Documentation coverage adequate - no bootstrap needed
[2026-03-02T16:54:20.739Z] ✓ Step step_0b completed in 5ms
[2026-03-02T16:54:20.739Z] [DEBUG] [Performance] step_0b: 5ms
[2026-03-02T16:54:20.739Z] [DEBUG] Recorded outcome for step_0b: success
[2026-03-02T16:54:20.739Z] ✓ Completed: Bootstrap Documentation (0s)
