[2026-03-02T16:57:06.950Z] 
→ Starting: Documentation Optimization
[2026-03-02T16:57:06.950Z] Documentation optimization initialized
[2026-03-02T16:57:06.950Z] ════════════════════════════════════════════════════════════
[2026-03-02T16:57:06.950Z] 🔷  Step 2.5: Documentation Optimization
[2026-03-02T16:57:06.950Z] ════════════════════════════════════════════════════════════
[2026-03-02T16:57:06.951Z] Phase 1: Heuristics Analysis (14 files)
[2026-03-02T16:57:06.953Z] Calculating content hashes...
[2026-03-02T16:57:06.953Z] Found 0 duplicate groups (0 redundant files)
[2026-03-02T16:57:06.953Z] Analyzing document similarity...
[2026-03-02T16:57:06.976Z] Found 0 redundant pairs above 80% similarity
[2026-03-02T16:57:06.976Z] Found 0 exact duplicates, 0 redundant pairs
[2026-03-02T16:57:06.976Z] Phase 2: Git History Analysis
[2026-03-02T16:57:06.976Z] Analyzing git history for 14 files...
[2026-03-02T16:57:07.071Z] Completed git analysis for 14 files
[2026-03-02T16:57:07.071Z] Found 0 outdated files
[2026-03-02T16:57:07.071Z] Phase 3: Version Reference Analysis
[2026-03-02T16:57:07.072Z] Detected version from package.json: 0.9.10-alpha
[2026-03-02T16:57:07.072Z] Analyzing version references in 14 files (current: 0.9.10-alpha)...
[2026-03-02T16:57:07.075Z] Completed version analysis for 14 files
[2026-03-02T16:57:07.075Z] Version analysis complete (0 total outdated)
[2026-03-02T16:57:07.075Z] Phase 4: AI Edge Case Analysis (skipped - no AI analyzer)
[2026-03-02T16:57:07.075Z] Phase 5: Optimization Summary
[2026-03-02T16:57:07.075Z] 
📊 Analysis Results:
───────────────────
  Total files analyzed: 14
  Exact duplicates: 0
  Redundant pairs: 0
  Outdated files: 0
  Files to optimize: 0

[2026-03-02T16:57:07.075Z] No optimizations needed
[2026-03-02T16:57:07.075Z] ✓ Workflow complete (0s)
[2026-03-02T16:57:07.075Z] ✓ Step step_02_5 completed in 125ms
[2026-03-02T16:57:07.076Z] [DEBUG] [Performance] step_02_5: 125ms
[2026-03-02T16:57:07.076Z] [DEBUG] Recorded outcome for step_02_5: success
[2026-03-02T16:57:07.076Z] ✓ Completed: Documentation Optimization (0s)
