[2026-03-09T20:50:45.064Z] 
→ Starting: Pre-Analysis
[2026-03-09T20:50:45.064Z] ════════════════════════════════════════════════════════════
[2026-03-09T20:50:45.064Z] 🔷  Step 0: Pre-Analysis - Analyzing Recent Changes
[2026-03-09T20:50:45.064Z] ════════════════════════════════════════════════════════════
[2026-03-09T20:50:45.081Z] Commits ahead of remote: 0
[2026-03-09T20:50:45.081Z] Modified files: 74
[2026-03-09T20:50:45.097Z] ✓ Project kind from config: location_based_service (configured)
[2026-03-09T20:50:45.109Z] ✓ Pre-analysis complete:
  • Commits ahead: 0
  • Modified files: 74
  • Change scope: code-and-tests
  • Documentation: 0 files
  • Tests: 2 files
  • Source: 9 files
  • Config: 1 files
  • Project kind: location_based_service (100% confidence)

[2026-03-09T20:50:45.113Z] ✓ Step step_00 completed in 50ms
[2026-03-09T20:50:45.113Z] [DEBUG] [Performance] step_00: 50ms
[2026-03-09T20:50:45.113Z] [DEBUG] Recorded outcome for step_00: success
[2026-03-09T20:50:45.113Z] ✓ Completed: Pre-Analysis (0s)
