[2026-03-09T20:50:45.114Z] 
→ Starting: Bootstrap Documentation
[2026-03-09T20:50:45.114Z] [DEBUG] Step0bBootstrapDocs.execute()
[2026-03-09T20:50:45.114Z] ════════════════════════════════════════════════════════════
[2026-03-09T20:50:45.114Z] 🔷  Step 0b: Documentation Gap Analysis and Generation
[2026-03-09T20:50:45.114Z] ════════════════════════════════════════════════════════════
[2026-03-09T20:50:45.114Z] Phase 1: Gathering project statistics...
[2026-03-09T20:50:45.114Z] [DEBUG] Gathering project statistics by scanning files...
[2026-03-09T20:50:45.114Z] [DEBUG] Listing all files in the project directory...
[2026-03-09T20:50:45.114Z] [DEBUG] Project root: /home/mpb/Documents/GitHub/paraty_geocore.js
[2026-03-09T20:50:45.120Z] [DEBUG] Total files found: 149
[2026-03-09T20:50:45.120Z] [DEBUG] Converting to relative paths...
[2026-03-09T20:50:45.121Z] Project has 23 documentation files and 86 source files
[2026-03-09T20:50:45.121Z] README.md size: 8882 bytes, Has CHANGELOG: true, Has docs/ directory: true
[2026-03-09T20:50:45.121Z] Phase 2: Evaluating documentation coverage...
[2026-03-09T20:50:45.121Z] Step 0b: Documentation coverage adequate - no bootstrap needed
[2026-03-09T20:50:45.121Z] ✓ Step step_0b completed in 8ms
[2026-03-09T20:50:45.121Z] [DEBUG] [Performance] step_0b: 8ms
[2026-03-09T20:50:45.121Z] [DEBUG] Recorded outcome for step_0b: success
[2026-03-09T20:50:45.121Z] ✓ Completed: Bootstrap Documentation (0s)
