[2026-03-09T20:51:31.126Z] 
→ Starting: Documentation Optimization
[2026-03-09T20:51:31.126Z] Documentation optimization initialized
[2026-03-09T20:51:31.126Z] ════════════════════════════════════════════════════════════
[2026-03-09T20:51:31.126Z] 🔷  Step 2.5: Documentation Optimization
[2026-03-09T20:51:31.126Z] ════════════════════════════════════════════════════════════
[2026-03-09T20:51:31.136Z] Phase 1: Heuristics Analysis (18 files)
[2026-03-09T20:51:31.137Z] Calculating content hashes...
[2026-03-09T20:51:31.137Z] Found 2 duplicate groups (2 redundant files)
[2026-03-09T20:51:31.137Z] Analyzing document similarity...
[2026-03-09T20:51:31.175Z] Found 2 redundant pairs above 80% similarity
[2026-03-09T20:51:31.176Z] Found 2 exact duplicates, 2 redundant pairs
[2026-03-09T20:51:31.176Z] Phase 2: Git History Analysis
[2026-03-09T20:51:31.176Z] Analyzing git history for 18 files...
[2026-03-09T20:51:31.298Z] Completed git analysis for 18 files
[2026-03-09T20:51:31.299Z] Found 0 outdated files
[2026-03-09T20:51:31.299Z] Phase 3: Version Reference Analysis
[2026-03-09T20:51:31.299Z] Detected version from package.json: 0.10.0
[2026-03-09T20:51:31.299Z] Analyzing version references in 18 files (current: 0.10.0)...
[2026-03-09T20:51:31.301Z] Completed version analysis for 18 files
[2026-03-09T20:51:31.301Z] Version analysis complete (0 total outdated)
[2026-03-09T20:51:31.301Z] Phase 4: AI Edge Case Analysis (skipped - no AI analyzer)
[2026-03-09T20:51:31.301Z] Phase 5: Optimization Summary
[2026-03-09T20:51:31.301Z] 
📊 Analysis Results:
───────────────────
  Total files analyzed: 18
  Exact duplicates: 2
  Redundant pairs: 2
  Outdated files: 0
  Files to optimize: 2

[2026-03-09T20:51:31.301Z] Phase 6: Applying Optimizations
[2026-03-09T20:51:31.301Z] Consolidating 2 duplicate groups...
[2026-03-09T20:51:31.302Z] Created archive: /home/mpb/Documents/GitHub/paraty_geocore.js/.ai_workflow/archive/docs/20260309_175131
[2026-03-09T20:51:31.302Z] Archived: /home/mpb/Documents/GitHub/paraty_geocore.js/docs/api/media/API.md
[2026-03-09T20:51:31.302Z] Archived: /home/mpb/Documents/GitHub/paraty_geocore.js/docs/api/media/README.md
[2026-03-09T20:51:31.302Z] Consolidation complete: 2 removed, 2 kept
[2026-03-09T20:51:31.302Z] Archiving 0 outdated files...
[2026-03-09T20:51:31.303Z] Created archive: /home/mpb/Documents/GitHub/paraty_geocore.js/.ai_workflow/archive/docs/20260309_175131
[2026-03-09T20:51:31.303Z] Archived 0 outdated files
[2026-03-09T20:51:31.303Z] Phase 7: Generating Report
[2026-03-09T20:51:31.303Z] Generating optimization report...
[2026-03-09T20:51:31.303Z] Report saved: /home/mpb/Documents/GitHub/paraty_geocore.js/.ai_workflow/archive/docs/20260309_175131/optimization_report.md
[2026-03-09T20:51:31.303Z] 
📊 Optimization Complete!
═══════════════════════
  Files analyzed: 18
  Files optimized: 2
  Size saved: 0KB (0%)
  Token savings: ~0

[2026-03-09T20:51:31.303Z] 
Full report: /home/mpb/Documents/GitHub/paraty_geocore.js/.ai_workflow/archive/docs/20260309_175131/optimization_report.md
[2026-03-09T20:51:31.303Z] ✓ Workflow complete (0s)
[2026-03-09T20:51:31.303Z] ✓ Step step_02_5 completed in 177ms
[2026-03-09T20:51:31.303Z] [DEBUG] [Performance] step_02_5: 177ms
[2026-03-09T20:51:31.303Z] [DEBUG] Recorded outcome for step_02_5: success
[2026-03-09T20:51:31.303Z] ✓ Completed: Documentation Optimization (0s)
