[2026-03-02T02:29:28.620Z] 
→ Starting: Bootstrap Documentation
[2026-03-02T02:29:28.620Z] [DEBUG] Step0bBootstrapDocs.execute()
[2026-03-02T02:29:28.620Z] ════════════════════════════════════════════════════════════
[2026-03-02T02:29:28.620Z] 🔷  Step 0b: Documentation Gap Analysis and Generation
[2026-03-02T02:29:28.620Z] ════════════════════════════════════════════════════════════
[2026-03-02T02:29:28.620Z] Phase 1: Gathering project statistics...
[2026-03-02T02:29:28.621Z] [DEBUG] Gathering project statistics by scanning files...
[2026-03-02T02:29:28.621Z] [DEBUG] Listing all files in the project directory...
[2026-03-02T02:29:28.621Z] [DEBUG] Project root: /home/mpb/Documents/GitHub/paraty_geocore.js
[2026-03-02T02:29:28.629Z] [DEBUG] Total files found: 135
[2026-03-02T02:29:28.630Z] [DEBUG] Converting to relative paths...
[2026-03-02T02:29:28.633Z] Project has 21 documentation files and 78 source files
[2026-03-02T02:29:28.633Z] README.md size: 5430 bytes, Has CHANGELOG: true, Has docs/ directory: true
[2026-03-02T02:29:28.633Z] Phase 2: Evaluating documentation coverage...
[2026-03-02T02:29:28.633Z] Step 0b: Documentation coverage adequate - no bootstrap needed
[2026-03-02T02:29:28.634Z] ✓ Step step_0b completed in 15ms
[2026-03-02T02:29:28.635Z] [DEBUG] [Performance] step_0b: 15ms
[2026-03-02T02:29:28.635Z] [DEBUG] Recorded outcome for step_0b: success
[2026-03-02T02:29:28.635Z] ✓ Completed: Bootstrap Documentation (0s)
