[2026-03-02T02:29:28.527Z] 
→ Starting: Pre-Analysis
[2026-03-02T02:29:28.528Z] ════════════════════════════════════════════════════════════
[2026-03-02T02:29:28.528Z] 🔷  Step 0: Pre-Analysis - Analyzing Recent Changes
[2026-03-02T02:29:28.528Z] ════════════════════════════════════════════════════════════
[2026-03-02T02:29:28.564Z] Commits ahead of remote: 0
[2026-03-02T02:29:28.564Z] Modified files: 1
[2026-03-02T02:29:28.572Z] ✓ Project kind from config: location_based_service (configured)
[2026-03-02T02:29:28.605Z] ✓ Pre-analysis complete:
  • Commits ahead: 0
  • Modified files: 1
  • Change scope: configuration
  • Documentation: 0 files
  • Tests: 0 files
  • Source: 0 files
  • Config: 1 files
  • Project kind: location_based_service (100% confidence)

[2026-03-02T02:29:28.618Z] ✓ Step step_00 completed in 92ms
[2026-03-02T02:29:28.618Z] [DEBUG] [Performance] step_00: 92ms
[2026-03-02T02:29:28.619Z] [DEBUG] Recorded outcome for step_00: success
[2026-03-02T02:29:28.619Z] ✓ Completed: Pre-Analysis (0s)
